
Cloning into 'hpce-2018-cw4-hs2715'...
commit 35eb298ad96408ca07190bfc5832bfbecf1c1fa6
Author: jjd06 <jjd06@ic.ac.uk>
Date:   Thu Feb 7 09:09:55 2019 +0000

    Updated instance type. Thanks to @sarahbaka for spotting.
hs2715, 0, Have scripts/create_n512.sh, FAIL
hs2715, 1, Have scripts/run_n512_P1.sh, FAIL
hs2715, 2, Have scripts/run_n512_P2.sh, FAIL
hs2715, 3, Have scripts/run_n512_P4.sh, FAIL
hs2715, 4, Have scripts/run_n512_P8.sh, FAIL
hs2715, 5, Have scripts/run_n512_P16.sh, FAIL
hs2715, 6, Have scripts/run_n512_P32.sh, FAIL
hs2715, 7, Have results/pipeline_p_vs_bandwidth.pdf, FAIL
hs2715, 8, Have results/dependency_sketch.pdf, FAIL
hs2715, 9, Have results/output_dependency_cone.pdf, FAIL
hs2715, 10, Have results/single_layer_ratio_vs_time.pdf, FAIL
hs2715, 11, Have results/single_layer_n_vs_time.pdf, FAIL
hs2715, 12, Have src/layers/par_for_naive*.cpp, FAIL
hs2715, 13, Have src/layers/par_for_atomic*.cpp, FAIL
hs2715, 14, Have src/layers/clustered*.cpp, FAIL
hs2715, 15, Have src/layers/par_for_clustered*.cpp, FAIL
(cd ./tmp/hs2715/working && g++ -std=c++14 -O3 -W -Wall -g -I include src/util/layer_io.cpp src/tools/generate_sparse_layer.cpp -o bin/generate_sparse_layer -ltbb -lOpenCL) &> ./tmp/hs2715/log/build_generate_sparse_layer.log
hs2715, 16, Compiling bin/generate_sparse_layer, PASS
(cd ./tmp/hs2715/working && g++ -std=c++14 -O3 -W -Wall -g -I include src/util/layer_io.cpp src/tools/run_network.cpp src/layers/*.cpp -o bin/run_network -ltbb -lOpenCL) &> ./tmp/hs2715/log/build_run_network.log
hs2715, 17, Compiling bin/run_network, PASS
(cd ./tmp/hs2715/working && scripts/create_n512.sh) &> ./tmp/hs2715/log/run_create_n512.log
hs2715, 18, Running scripts/create_n512.sh, FAIL
hs2715, 19, Built w/n512_00.bin, FAIL
hs2715, 20, Built w/n512_31.bin, FAIL
(cd ./tmp/hs2715/working && ( cat w/random512.bin | bin/run_network w/n512_00.bin w/n512_01.bin w/n512_02.bin w/n512_03.bin w/n512_04.bin w/n512_05.bin w/n512_06.bin w/n512_07.bin w/n512_08.bin w/n512_09.bin w/n512_10.bin w/n512_11.bin w/n512_12.bin w/n512_13.bin w/n512_14.bin w/n512_15.bin w/n512_16.bin w/n512_17.bin w/n512_18.bin w/n512_19.bin w/n512_20.bin w/n512_21.bin w/n512_22.bin w/n512_23.bin w/n512_24.bin w/n512_25.bin w/n512_26.bin w/n512_27.bin w/n512_28.bin w/n512_29.bin w/n512_30.bin w/n512_31.bin > w/ref512.bin )) &> ./tmp/hs2715/log/run_reference.log
hs2715, 21, Running reference version on all the n512 networks, FAIL
(cd ./tmp/hs2715/working && ( cat w/random512.bin | scripts/run_n512_P1.sh > w/n512_P1.bin )) &> ./tmp/hs2715/log/run_n512_P1.log
hs2715, 22, Running p1 version on all the n512 networks, FAIL
hs2715, 23, Check w/ref512.bin and w/n512_P1.bin are the same : Check p1 version against ref, PASS
(cd ./tmp/hs2715/working && ( cat w/random512.bin | scripts/run_n512_P8.sh > w/n512_P8.bin )) &> ./tmp/hs2715/log/run_n512_P8.log
hs2715, 24, Running p8 version on all the n512 networks, FAIL
hs2715, 25, Check w/ref512.bin and w/n512_P8.bin are the same : Check p8 version against ref, PASS
/usr/bin/time: cannot run scripts/run_n512_P1.sh: No such file or directory
/usr/bin/time: cannot run scripts/run_n512_P2.sh: No such file or directory
/usr/bin/time: cannot run scripts/run_n512_P4.sh: No such file or directory
/usr/bin/time: cannot run scripts/run_n512_P8.sh: No such file or directory
/usr/bin/time: cannot run scripts/run_n512_P16.sh: No such file or directory
/usr/bin/time: cannot run scripts/run_n512_P32.sh: No such file or directory
true
(standard_in) 1: syntax error
(standard_in) 1: syntax error
(standard_in) 1: syntax error
(standard_in) 1: syntax error
hs2715, 26, For 1M input, check time for P1 (Command exited with non-zero status 127 0.00) is more than 1.6 x P2 (Command exited with non-zero status 127 0.00), FAIL
true
(standard_in) 1: syntax error
(standard_in) 1: syntax error
(standard_in) 1: syntax error
(standard_in) 1: syntax error
hs2715, 27, For 1M input, check time for P1 (Command exited with non-zero status 127 0.00) is more than 2.5 x P4 (Command exited with non-zero status 127 0.00), FAIL
true
(standard_in) 1: syntax error
(standard_in) 1: syntax error
(standard_in) 1: syntax error
(standard_in) 1: syntax error
hs2715, 28, For 1M input, check time for P1 (Command exited with non-zero status 127 0.00) is more than 4.5 x P8 (Command exited with non-zero status 127 0.00), FAIL
true
(standard_in) 1: syntax error
(standard_in) 1: syntax error
(standard_in) 1: syntax error
(standard_in) 1: syntax error
hs2715, 29, For 1M input, check time for P1 (Command exited with non-zero status 127 0.00) is more than 7.0 x P16 (Command exited with non-zero status 127 0.00), FAIL
true
(standard_in) 1: syntax error
(standard_in) 1: syntax error
(standard_in) 1: syntax error
(standard_in) 1: syntax error
hs2715, 30, For 1M input, check time for P1 (Command exited with non-zero status 127 0.00) is more than 10.0 x P32 (Command exited with non-zero status 127 0.00), FAIL
Warning : sparsity of more than > 0.25 may be slow to generate.
 Loading layer 1 from file w/n2048.bin using engine simple
 Loading layer 1 from file w/n2048.bin using engine par_for_naive
ERROR : Unknown engine 'par_for_naive'
Binary files w/n2048_ref.bin and w/n2048_naive.bin differ
hs2715, 31, Check w/n2048_ref.bin and w/n2048_naive.bin are different : Check simple version against par_for_naive (should be wrong), PASS
 Loading layer 1 from file w/n2048.bin using engine par_for_atomic
ERROR : Unknown engine 'par_for_atomic'
Binary files w/n2048_ref.bin and w/n2048_atomic.bin differ
hs2715, 32, Check w/n2048_ref.bin and w/n2048_atomic.bin are the same : Check simple version against par_for_atomic, FAIL
 Loading layer 1 from file w/n2048.bin using engine clustered
ERROR : Unknown engine 'clustered'
Binary files w/n2048_ref.bin and w/n2048_clustered.bin differ
hs2715, 33, Check w/n2048_ref.bin and w/n2048_clustered.bin are the same : Check simple version against clustered, FAIL
 Loading layer 1 from file w/n2048.bin using engine par_for_clustered
ERROR : Unknown engine 'par_for_clustered'
Binary files w/n2048_ref.bin and w/n2048_par_for_clustered.bin differ
hs2715, 34, Check w/n2048_ref.bin and w/n2048_par_for_clustered.bin are the same : Check simple version against par_for_clustered, FAIL

Passed 5 out of 35 tests.
